1627680016625	mozrunner::runner	INFO	Running command: "C:\\Program Files\\Mozilla Firefox\\firefox.exe" "-marionette" "-foreground" "-no-remote" "-profile" "C:\\Users\\stefan\\AppData\\Local\\Temp\\rust_mozprofile1FKr9x"
Can't find symbol 'eglSwapBuffersWithDamageEXT'.
JavaScript error: resource://gre/modules/XULStore.jsm, line 66: Error: Can't find profile directory.
console.warn: SearchSettings: "get: No settings file exists, new profile?" (new Error("", "(unknown module)"))
1627680019110	Marionette	INFO	Listening on port 51567
1627680019287	Marionette	WARN	TLS certificate errors will be ignored for this session
console.log: WebExtensions: reset-default-search: No addons in our list are installed.
1627681143302	Marionette	INFO	Stopped listening on port 51567

###!!! [Child][MessageChannel::SendAndWait] Error: Channel error: cannot send/recv

'eglSwapBuffersWithDamageEXT'.
JavaScript error: resource://gre/modules/XULStore.jsm, line 66: Error: Can't find profile directory.
console.warn: SearchSettings: "get: No settings file exists, new profile?" (new Error("", "(unknown module)"))
1627680167190	Marionette	INFO	Listening on port 53751
1627680167443	Marionette	WARN	TLS certificate errors will be ignored for this session
Can't find symbol 'eglSwapBuffersWithDamageEXT'.
JavaScript error: , line 0: TypeError: NetworkError when attempting to fetch resource.
JavaScript error: , line 0: TypeError: NetworkError when attempting to fetch resource.
console.log: WebExtensions: reset-default-search: No addons in our list are installed.
JavaScript error: , line 0: TypeError: NetworkError when attempting to fetch resource.
JavaScript error: , line 0: TypeError: NetworkError when attempting to fetch resource.
JavaScript error: , line 0: TypeError: NetworkError when attempting to fetch resource.
1627681143435	Marionette	INFO	Stopped listening on port 53751

###!!! [Child][RunMessage] Error: Channel closing: too late to send/recv, messages will be lost


###!!! [Child][MessageChannel::SendAndWait] Error: Channel error: cannot send/recv

ored for this session
Can't find symbol 'eglSwapBuffersWithDamageEXT'.
JavaScript error: , line 0: TypeError: NetworkError when attempting to fetch resource.
JavaScript error: , line 0: TypeError: NetworkError when attempting to fetch resource.
1627681143355	Marionette	INFO	Stopped listening on port 63158

###!!! [Child][RunMessage] Error: Channel closing: too late to send/recv, messages will be lost


###!!! [Child][MessageChannel::SendAndWait] Error: Channel error: cannot send/recv

ists, new profile?" (new Error("", "(unknown module)"))
1627680957791	Marionette	INFO	Listening on port 51111
1627680958007	Marionette	WARN	TLS certificate errors will be ignored for this session
Can't find symbol 'eglSwapBuffersWithDamageEXT'.
JavaScript error: , line 0: TypeError: NetworkError when attempting to fetch resource.
JavaScript error: , line 0: TypeError: NetworkError when attempting to fetch resource.
console.error: "Error while calling actor 'pagestyle's method 'getLayout'" "node is null"
console.error: "getLayout@resource://devtools/server/actors/styles.js:989:5\nhandler@resource://devtools/shared/protocol/Actor.js:172:37\nonPacket@resource://devtools/server/devtools-server-connection.js:379:58\nreceiveMessage@resource://devtools/shared/transport/child-transport.js:66:16\n"
console.error: (new TypeError("parent is null", "resource://devtools/client/inspector/shared/style-change-tracker.js", 67))
TypeError: parent is null: canMutationImpactCurrentStyles@resource://devtools/client/inspector/shared/style-change-tracker.js:67:24
onMutations@resource://devtools/client/inspector/shared/style-change-tracker.js:84:41
_emit@resource://devtools/shared/event-emitter.js:226:34
emit@resource://devtools/shared/event-emitter.js:172:18
emit@resource://devtools/shared/event-emitter.js:324:18
getMutations@resource://devtools/client/fronts/walker.js:405:10

console.error: (new TypeError("container.node.targetFront is null", "resource://devtools/client/inspector/markup/markup.js", 2252))
console.error: (new TypeError("container.node.targetFront is null", "resource://devtools/client/inspector/markup/markup.js", 2252))
console.error: (new TypeError("container.node.targetFront is null", "resource://devtools/client/inspector/markup/markup.js", 2252))
console.error: (new Error("Protocol error (TypeError): node is null from: server0.conn0.child2/pagestyle26 (resource://devtools/server/actors/styles.js:989:5)", "resource://devtools/shared/protocol/Front.js", 341))
console.error: "Error sending event: display-change"
console.error: ({})
[Exception... "Component returned failure code: 0x80070057 (NS_ERROR_ILLEGAL_VALUE) [nsIEventListenerService.getListenerInfoFor]"  nsresult: "0x80070057 (NS_ERROR_ILLEGAL_VALUE)"  location: "JS frame :: resource://devtools/server/actors/inspector/event-collector.js :: getDOMListeners :: line 266"  data: no]: getDOMListeners@resource://devtools/server/actors/inspector/event-collector.js:266:22
getListeners@resource://devtools/server/actors/inspector/event-collector.js:334:28
hasListeners@resource://devtools/server/actors/inspector/event-collector.js:227:17
hasEventListeners@resource://devtools/server/actors/inspector/event-collector.js:800:21
get _hasEventListeners@resource://devtools/server/actors/inspector/node.js:390:33
form@resource://devtools/server/actors/inspector/node.js:212:7
write@resource://devtools/shared/protocol/types.js:363:32
types.addArrayType/write/<@resource://devtools/shared/protocol/types.js:220:33
write@resource://devtools/shared/protocol/types.js:220:16
write@resource://devtools/shared/protocol/Request.js:117:22
write@resource://devtools/shared/protocol/Request.js:43:26
_sendEvent@resource://devtools/shared/protocol/Actor.js:66:24
initialize/<@resource://devtools/shared/protocol/Actor.js:46:16
_emit@resource://devtools/shared/event-emitter.js:226:34
emit@resource://devtools/shared/event-emitter.js:172:18
emit@resource://devtools/shared/event-emitter.js:324:18
_onReflows@resource://devtools/server/actors/inspector/walker.js:600:12
_emit@resource://devtools/shared/event-emitter.js:226:34
emit@resource://devtools/shared/event-emitter.js:172:18
emit@resource://devtools/shared/event-emitter.js:324:18
_startEventLoop@resource://devtools/server/actors/reflow.js:314:12
notify@resource://gre/modules/Timer.jsm:62:17

JavaScript error: , line 0: TypeError: NetworkError when attempting to fetch resource.
JavaScript error: , line 0: TypeError: NetworkError when attempting to fetch resource.
JavaScript error: , line 0: TypeError: NetworkError when attempting to fetch resource.
console.error: "Error while calling actor 'layout's method 'getGrids'" "node is null"
console.error: "getGrids@resource://devtools/server/actors/layout.js:502:26\ngetGrids@resource://devtools/server/actors/layout.js:507:43\nhandler@resource://devtools/shared/protocol/Actor.js:172:37\nonPacket@resource://devtools/server/devtools-server-connection.js:379:58\nreceiveMessage@resource://devtools/shared/transport/child-transport.js:66:16\n"
JavaScript error: , line 0: TypeError: NetworkError when attempting to fetch resource.
JavaScript error: , line 0: TypeError: NetworkError when attempting to fetch resource.
JavaScript error: , line 0: TypeError: NetworkError when attempting to fetch resource.
JavaScript error: , line 0: TypeError: NetworkError when attempting to fetch resource.
JavaScript error: , line 0: TypeError: NetworkError when attempting to fetch resource.
JavaScript error: , line 0: TypeError: NetworkError when attempting to fetch resource.
JavaScript error: , line 0: TypeError: NetworkError when attempting to fetch resource.
JavaScript error: , line 0: TypeError: NetworkError when attempting to fetch resource.
JavaScript error: , line 0: TypeError: NetworkError when attempting to fetch resource.
JavaScript error: , line 0: TypeError: NetworkError when attempting to fetch resource.
JavaScript error: , line 0: TypeError: NetworkError when attempting to fetch resource.
JavaScript error: , line 0: TypeError: NetworkError when attempting to fetch resource.
1627681143459	Marionette	INFO	Stopped listening on port 51111

###!!! [Child][RunMessage] Error: Channel closing: too late to send/recv, messages will be lost


###!!! [Child][MessageChannel::SendAndWait] Error: Channel error: cannot send/recv

1627681318455	mozrunner::runner	INFO	Running command: "C:\\Program Files\\Mozilla Firefox\\firefox.exe" "-marionette" "-foreground" "-no-remote" "-profile" "C:\\Users\\stefan\\AppData\\Local\\Temp\\rust_mozprofileD9bJ2q"
Can't find symbol 'eglSwapBuffersWithDamageEXT'.
JavaScript error: resource://gre/modules/XULStore.jsm, line 66: Error: Can't find profile directory.
console.warn: SearchSettings: "get: No settings file exists, new profile?" (new Error("", "(unknown module)"))
1627681320153	Marionette	INFO	Listening on port 53647
1627681320505	Marionette	WARN	TLS certificate errors will be ignored for this session
Can't find symbol 'eglSwapBuffersWithDamageEXT'.
console.log: WebExtensions: reset-default-search: No addons in our list are installed.

###!!! [Child][MessageChannel] Error: (msgtype=0x3A0001,name=PCookieService::Msg_SetCookies) Closed channel: cannot send/recv


###!!! [Child][MessageChannel] Error: (msgtype=0x690027,name=PNecko::Msg_RemoveRequestContext) Closed channel: cannot send/recv


###!!! [Child][MessageChannel] Error: (msgtype=0x690027,name=PNecko::Msg_RemoveRequestContext) Closed channel: cannot send/recv


###!!! [Child][MessageChannel] Error: (msgtype=0x38014A,name=PContent::Msg_DiscardBrowsingContext) Closed channel: cannot send/recv


###!!! [Child][MessageChannel] Error: (msgtype=0x38014A,name=PContent::Msg_DiscardBrowsingContext) Closed channel: cannot send/recv


###!!! [Child][MessageChannel] Error: (msgtype=0x38014A,name=PContent::Msg_DiscardBrowsingContext) Closed channel: cannot send/recv


###!!! [Child][MessageChannel] Error: (msgtype=0x38014A,name=PContent::Msg_DiscardBrowsingContext) Closed channel: cannot send/recv


###!!! [Child][MessageChannel] Error: (msgtype=0x38014A,name=PContent::Msg_DiscardBrowsingContext) Closed channel: cannot send/recv


###!!! [Child][MessageChannel] Error: (msgtype=0x38014A,name=PContent::Msg_DiscardBrowsingContext) Closed channel: cannot send/recv


###!!! [Child][MessageChannel] Error: (msgtype=0x38014A,name=PContent::Msg_DiscardBrowsingContext) Closed channel: cannot send/recv


###!!! [Child][MessageChannel] Error: (msgtype=0x38014A,name=PContent::Msg_DiscardBrowsingContext) Closed channel: cannot send/recv


###!!! [Child][MessageChannel] Error: (msgtype=0x38014A,name=PContent::Msg_DiscardBrowsingContext) Closed channel: cannot send/recv


###!!! [Child][MessageChannel] Error: (msgtype=0x38014A,name=PContent::Msg_DiscardBrowsingContext) Closed channel: cannot send/recv


###!!! [Child][MessageChannel] Error: (msgtype=0x38014A,name=PContent::Msg_DiscardBrowsingContext) Closed channel: cannot send/recv


###!!! [Child][MessageChannel] Error: (msgtype=0x38014A,name=PContent::Msg_DiscardBrowsingContext) Closed channel: cannot send/recv


###!!! [Child][MessageChannel] Error: (msgtype=0x38014A,name=PContent::Msg_DiscardBrowsingContext) Closed channel: cannot send/recv

ontext) Closed channel: cannot send/recv


###!!! [Child][MessageChannel] Error: (msgtype=0x38014A,name=PContent::Msg_DiscardBrowsingContext) Closed channel: cannot send/recv


###!!! [Child][MessageChannel] Error: (msgtype=0x38014A,name=PContent::Msg_DiscardBrowsingContext) Closed channel: cannot send/recv


###!!! [Child][MessageChannel] Error: (msgtype=0x38014A,name=PContent::Msg_DiscardBrowsingContext) Closed channel: cannot send/recv


###!!! [Child][MessageChannel] Error: (msgtype=0x38014A,name=PContent::Msg_DiscardBrowsingContext) Closed channel: cannot send/recv


###!!! [Child][MessageChannel] Error: (msgtype=0x38014A,name=PContent::Msg_DiscardBrowsingContext) Closed channel: cannot send/recv


###!!! [Child][MessageChannel] Error: (msgtype=0x38014A,name=PContent::Msg_DiscardBrowsingContext) Closed channel: cannot send/recv


###!!! [Child][MessageChannel] Error: (msgtype=0x38014A,name=PContent::Msg_DiscardBrowsingContext) Closed channel: cannot send/recv


###!!! [Child][MessageChannel] Error: (msgtype=0x38014A,name=PContent::Msg_DiscardBrowsingContext) Closed channel: cannot send/recv


###!!! [Child][MessageChannel] Error: (msgtype=0x38014A,name=PContent::Msg_DiscardBrowsingContext) Closed channel: cannot send/recv


###!!! [Child][MessageChannel] Error: (msgtype=0x38014A,name=PContent::Msg_DiscardBrowsingContext) Closed channel: cannot send/recv


###!!! [Child][MessageChannel] Error: (msgtype=0x38014A,name=PContent::Msg_DiscardBrowsingContext) Closed channel: cannot send/recv


###!!! [Child][MessageChannel] Error: (msgtype=0x38014A,name=PContent::Msg_DiscardBrowsingContext) Closed channel: cannot send/recv


###!!! [Child][MessageChannel] Error: (msgtype=0x38014A,name=PContent::Msg_DiscardBrowsingContext) Closed channel: cannot send/recv

1627758044256	mozrunner::runner	INFO	Running command: "C:\\Program Files\\Mozilla Firefox\\firefox.exe" "-marionette" "-foreground" "-no-remote" "-profile" "C:\\Users\\stefan\\AppData\\Local\\Temp\\rust_mozprofile2ngyiG"
Can't find symbol 'eglSwapBuffersWithDamageEXT'.
JavaScript error: resource://gre/modules/XULStore.jsm, line 66: Error: Can't find profile directory.
console.warn: SearchSettings: "get: No settings file exists, new profile?" (new Error("", "(unknown module)"))
1627758046710	Marionette	INFO	Listening on port 61080
1627758046933	Marionette	WARN	TLS certificate errors will be ignored for this session
console.error: Region.jsm: "Error fetching region" (new TypeError("NetworkError when attempting to fetch resource.", ""))
console.error: Region.jsm: "Failed to fetch region" (new Error("NO_RESULT", "resource://gre/modules/Region.jsm", 351))
1627758049013	Marionette	INFO	Stopped listening on port 61080

###!!! [Child][RunMessage] Error: Channel closing: too late to send/recv, messages will be lost


###!!! [Child][MessageChannel::SendAndWait] Error: Channel error: cannot send/recv

1627758082929	mozrunner::runner	INFO	Running command: "C:\\Program Files\\Mozilla Firefox\\firefox.exe" "-marionette" "-foreground" "-no-remote" "-profile" "C:\\Users\\stefan\\AppData\\Local\\Temp\\rust_mozprofile4d1ejW"
Can't find symbol 'eglSwapBuffersWithDamageEXT'.
JavaScript error: resource://gre/modules/XULStore.jsm, line 66: Error: Can't find profile directory.
console.warn: SearchSettings: "get: No settings file exists, new profile?" (new Error("", "(unknown module)"))
1627758084723	Marionette	INFO	Listening on port 56526
1627758084985	Marionette	WARN	TLS certificate errors will be ignored for this session
console.error: Region.jsm: "Error fetching region" (new AbortError("The operation was aborted. ", (void 0), 697))
console.error: Region.jsm: "Failed to fetch region" (new Error("NO_RESULT", "resource://gre/modules/Region.jsm", 351))
1627758154619	Marionette	INFO	Stopped listening on port 56526

###!!! [Child][RunMessage] Error: Channel closing: too late to send/recv, messages will be lost


###!!! [Child][MessageChannel::SendAndWait] Error: Channel error: cannot send/recv

rsWithDamageEXT'.
JavaScript error: resource://gre/modules/XULStore.jsm, line 66: Error: Can't find profile directory.
console.warn: SearchSettings: "get: No settings file exists, new profile?" (new Error("", "(unknown module)"))
1627758148263	Marionette	INFO	Listening on port 54690
1627758148506	Marionette	WARN	TLS certificate errors will be ignored for this session
console.error: Region.jsm: "Error fetching region" (new AbortError("The operation was aborted. ", (void 0), 697))
console.error: Region.jsm: "Failed to fetch region" (new Error("NO_RESULT", "resource://gre/modules/Region.jsm", 351))
1627758164112	Marionette	INFO	Stopped listening on port 54690

###!!! [Child][RunMessage] Error: Channel closing: too late to send/recv, messages will be lost


###!!! [Child][MessageChannel::SendAndWait] Error: Channel error: cannot send/recv

1627758326450	mozrunner::runner	INFO	Running command: "C:\\Program Files\\Mozilla Firefox\\firefox.exe" "-marionette" "-foreground" "-no-remote" "-profile" "C:\\Users\\stefan\\AppData\\Local\\Temp\\rust_mozprofile6D9n1G"
Can't find symbol 'eglSwapBuffersWithDamageEXT'.
JavaScript error: resource://gre/modules/XULStore.jsm, line 66: Error: Can't find profile directory.
console.warn: SearchSettings: "get: No settings file exists, new profile?" (new Error("", "(unknown module)"))
1627758328856	Marionette	INFO	Listening on port 53605
1627758329133	Marionette	WARN	TLS certificate errors will be ignored for this session
console.error: Region.jsm: "Error fetching region" (new AbortError("The operation was aborted. ", (void 0), 697))
console.error: Region.jsm: "Failed to fetch region" (new Error("NO_RESULT", "resource://gre/modules/Region.jsm", 351))
1627759994571	mozrunner::runner	INFO	Running command: "C:\\Program Files\\Mozilla Firefox\\firefox.exe" "-marionette" "-foreground" "-no-remote" "-profile" "C:\\Users\\stefan\\AppData\\Local\\Temp\\rust_mozprofilekC8aff"
Can't find symbol 'eglSwapBuffersWithDamageEXT'.
JavaScript error: resource://gre/modules/XULStore.jsm, line 66: Error: Can't find profile directory.
console.warn: SearchSettings: "get: No settings file exists, new profile?" (new Error("", "(unknown module)"))
1627759996262	Marionette	INFO	Listening on port 60110
1627759996631	Marionette	WARN	TLS certificate errors will be ignored for this session
Can't find symbol 'eglSwapBuffersWithDamageEXT'.
1627760578997	Marionette	INFO	Stopped listening on port 60110

###!!! [Child][RunMessage] Error: Channel closing: too late to send/recv, messages will be lost


###!!! [Child][MessageChannel::SendAndWait] Error: Channel error: cannot send/recv

e/modules/XULStore.jsm, line 66: Error: Can't find profile directory.
console.warn: SearchSettings: "get: No settings file exists, new profile?" (new Error("", "(unknown module)"))
1627760070805	Marionette	INFO	Listening on port 52985
1627760071211	Marionette	WARN	TLS certificate errors will be ignored for this session
1627760582514	Marionette	INFO	Stopped listening on port 52985

###!!! [Child][RunMessage] Error: Channel closing: too late to send/recv, messages will be lost


###!!! [Child][MessageChannel::SendAndWait] Error: Channel error: cannot send/recv

rsWithDamageEXT'.
JavaScript error: resource://gre/modules/XULStore.jsm, line 66: Error: Can't find profile directory.
console.warn: SearchSettings: "get: No settings file exists, new profile?" (new Error("", "(unknown module)"))
1627760190877	Marionette	INFO	Listening on port 62082
1627760191139	Marionette	WARN	TLS certificate errors will be ignored for this session
Can't find symbol 'eglSwapBuffersWithDamageEXT'.
SourceActor threw an exception: [Exception... "Component returned failure code: 0x80470002 (NS_BASE_STREAM_CLOSED) [nsIInputStream.available]"  nsresult: "0x80470002 (NS_BASE_STREAM_CLOSED)"  location: "JS frame :: resource://devtools/shared/DevToolsUtils.js :: onResponse :: line 567"  data: no]
Stack: onResponse@resource://devtools/shared/DevToolsUtils.js:567:34
onStopRequest@resource://gre/modules/NetUtil.jsm:128:18
Line: 567, column: 0
console.error: ({})
JavaScript error: resource://devtools/shared/DevToolsUtils.js, line 567: NS_BASE_STREAM_CLOSED: Component returned failure code: 0x80470002 (NS_BASE_STREAM_CLOSED) [nsIInputStream.available]
console.log: WebExtensions: reset-default-search: No addons in our list are installed.
JavaScript error: , line 0: TypeError: NetworkError when attempting to fetch resource.
console.error: (new TypeError("currentNode is null", "resource://devtools/client/inspector/shared/style-change-tracker.js", 66))
TypeError: currentNode is null: canMutationImpactCurrentStyles@resource://devtools/client/inspector/shared/style-change-tracker.js:66:20
onMutations@resource://devtools/client/inspector/shared/style-change-tracker.js:84:41
_emit@resource://devtools/shared/event-emitter.js:226:34
emit@resource://devtools/shared/event-emitter.js:172:18
emit@resource://devtools/shared/event-emitter.js:324:18
getMutations@resource://devtools/client/fronts/walker.js:405:10

JavaScript error: , line 0: TypeError: NetworkError when attempting to fetch resource.
JavaScript error: , line 0: TypeError: NetworkError when attempting to fetch resource.
JavaScript error: , line 0: TypeError: NetworkError when attempting to fetch resource.
JavaScript error: , line 0: TypeError: NetworkError when attempting to fetch resource.
console.error: "Error while calling actor 'layout's method 'getGrids'" "node is null"
console.error: "getGrids@resource://devtools/server/actors/layout.js:502:26\ngetGrids@resource://devtools/server/actors/layout.js:507:43\nhandler@resource://devtools/shared/protocol/Actor.js:172:37\nonPacket@resource://devtools/server/devtools-server-connection.js:379:58\nreceiveMessage@resource://devtools/shared/transport/child-transport.js:66:16\n"
console.error: "Error while calling actor 'layout's method 'getGrids'" "node is null"
console.error: "getGrids@resource://devtools/server/actors/layout.js:502:26\ngetGrids@resource://devtools/server/actors/layout.js:507:43\ngetGrids@resource://devtools/server/actors/layout.js:507:43\nhandler@resource://devtools/shared/protocol/Actor.js:172:37\nonPacket@resource://devtools/server/devtools-server-connection.js:379:58\nreceiveMessage@resource://devtools/shared/transport/child-transport.js:66:16\n"
JavaScript error: https://analytics.webgains.io/pvClk.min.js, line 1: SecurityError: The operation is insecure.
console.error: (new TypeError("currentNode is null", "resource://devtools/client/inspector/shared/style-change-tracker.js", 66))
TypeError: currentNode is null: canMutationImpactCurrentStyles@resource://devtools/client/inspector/shared/style-change-tracker.js:66:20
onMutations@resource://devtools/client/inspector/shared/style-change-tracker.js:84:41
_emit@resource://devtools/shared/event-emitter.js:226:34
emit@resource://devtools/shared/event-emitter.js:172:18
emit@resource://devtools/shared/event-emitter.js:324:18
getMutations@resource://devtools/client/fronts/walker.js:405:10

console.error: "Error writing request: getGrids"
JavaScript error: https://tpc.googlesyndication.com/pagead/js/r20210728/r20110914/client/qs_click_protection_fy2019.js, line 17: NS_ERROR_NOT_INITIALIZED: 
JavaScript error: , line 0: TypeError: NetworkError when attempting to fetch resource.
JavaScript error: , line 0: TypeError: NetworkError when attempting to fetch resource.
JavaScript error: , line 0: TypeError: NetworkError when attempting to fetch resource.
JavaScript error: , line 0: TypeError: NetworkError when attempting to fetch resource.
console.error: (new TypeError("currentNode is null", "resource://devtools/client/inspector/shared/style-change-tracker.js", 66))
TypeError: currentNode is null: canMutationImpactCurrentStyles@resource://devtools/client/inspector/shared/style-change-tracker.js:66:20
onMutations@resource://devtools/client/inspector/shared/style-change-tracker.js:84:41
_emit@resource://devtools/shared/event-emitter.js:226:34
emit@resource://devtools/shared/event-emitter.js:172:18
emit@resource://devtools/shared/event-emitter.js:324:18
getMutations@resource://devtools/client/fronts/walker.js:405:10

console.error: (new TypeError("currentNode is null", "resource://devtools/client/inspector/shared/style-change-tracker.js", 66))
TypeError: currentNode is null: canMutationImpactCurrentStyles@resource://devtools/client/inspector/shared/style-change-tracker.js:66:20
onMutations@resource://devtools/client/inspector/shared/style-change-tracker.js:84:41
_emit@resource://devtools/shared/event-emitter.js:226:34
emit@resource://devtools/shared/event-emitter.js:172:18
emit@resource://devtools/shared/event-emitter.js:324:18
getMutations@resource://devtools/client/fronts/walker.js:405:10

JavaScript error: , line 0: TypeError: NetworkError when attempting to fetch resource.
JavaScript error: , line 0: TypeError: NetworkError when attempting to fetch resource.
JavaScript error: , line 0: TypeError: NetworkError when attempting to fetch resource.
console.error: (new TypeError("currentNode is null", "resource://devtools/client/inspector/shared/style-change-tracker.js", 66))
TypeError: currentNode is null: canMutationImpactCurrentStyles@resource://devtools/client/inspector/shared/style-change-tracker.js:66:20
onMutations@resource://devtools/client/inspector/shared/style-change-tracker.js:84:41
_emit@resource://devtools/shared/event-emitter.js:226:34
emit@resource://devtools/shared/event-emitter.js:172:18
emit@resource://devtools/shared/event-emitter.js:324:18
getMutations@resource://devtools/client/fronts/walker.js:405:10

console.error: (new TypeError("currentNode is null", "resource://devtools/client/inspector/shared/style-change-tracker.js", 66))
TypeError: currentNode is null: canMutationImpactCurrentStyles@resource://devtools/client/inspector/shared/style-change-tracker.js:66:20
onMutations@resource://devtools/client/inspector/shared/style-change-tracker.js:84:41
_emit@resource://devtools/shared/event-emitter.js:226:34
emit@resource://devtools/shared/event-emitter.js:172:18
emit@resource://devtools/shared/event-emitter.js:324:18
getMutations@resource://devtools/client/fronts/walker.js:405:10

JavaScript error: , line 0: TypeError: NetworkError when attempting to fetch resource.
JavaScript error: , line 0: TypeError: NetworkError when attempting to fetch resource.
JavaScript error: , line 0: TypeError: NetworkError when attempting to fetch resource.
console.error: (new TypeError("currentNode is null", "resource://devtools/client/inspector/shared/style-change-tracker.js", 66))
TypeError: currentNode is null: canMutationImpactCurrentStyles@resource://devtools/client/inspector/shared/style-change-tracker.js:66:20
onMutations@resource://devtools/client/inspector/shared/style-change-tracker.js:84:41
_emit@resource://devtools/shared/event-emitter.js:226:34
emit@resource://devtools/shared/event-emitter.js:172:18
emit@resource://devtools/shared/event-emitter.js:324:18
getMutations@resource://devtools/client/fronts/walker.js:405:10

console.error: "Error while calling actor 'layout's method 'getGrids'" "node is null"
console.error: "getGrids@resource://devtools/server/actors/layout.js:502:26\ngetGrids@resource://devtools/server/actors/layout.js:507:43\nhandler@resource://devtools/shared/protocol/Actor.js:172:37\nonPacket@resource://devtools/server/devtools-server-connection.js:379:58\nreceiveMessage@resource://devtools/shared/transport/child-transport.js:66:16\n"
console.error: "Error while calling actor 'layout's method 'getGrids'" "node is null"
console.error: "getGrids@resource://devtools/server/actors/layout.js:502:26\ngetGrids@resource://devtools/server/actors/layout.js:507:43\ngetGrids@resource://devtools/server/actors/layout.js:507:43\nhandler@resource://devtools/shared/protocol/Actor.js:172:37\nonPacket@resource://devtools/server/devtools-server-connection.js:379:58\nreceiveMessage@resource://devtools/shared/transport/child-transport.js:66:16\n"
console.error: "Error while calling actor 'layout's method 'getGrids'" "node is null"
console.error: "getGrids@resource://devtools/server/actors/layout.js:502:26\ngetGrids@resource://devtools/server/actors/layout.js:507:43\ngetGrids@resource://devtools/server/actors/layout.js:507:43\nhandler@resource://devtools/shared/protocol/Actor.js:172:37\nonPacket@resource://devtools/server/devtools-server-connection.js:379:58\nreceiveMessage@resource://devtools/shared/transport/child-transport.js:66:16\n"
console.error: "Error while calling actor 'layout's method 'getGrids'" "node is null"
console.error: "getGrids@resource://devtools/server/actors/layout.js:502:26\ngetGrids@resource://devtools/server/actors/layout.js:507:43\nhandler@resource://devtools/shared/protocol/Actor.js:172:37\nonPacket@resource://devtools/server/devtools-server-connection.js:379:58\nreceiveMessage@resource://devtools/shared/transport/child-transport.js:66:16\n"
console.error: "Error while calling actor 'layout's method 'getGrids'" "node is null"
console.error: "getGrids@resource://devtools/server/actors/layout.js:502:26\ngetGrids@resource://devtools/server/actors/layout.js:507:43\nhandler@resource://devtools/shared/protocol/Actor.js:172:37\nonPacket@resource://devtools/server/devtools-server-connection.js:379:58\nreceiveMessage@resource://devtools/shared/transport/child-transport.js:66:16\n"
JavaScript warning: resource://devtools/client/shared/demangle.js, line 0: Successfully compiled asm.js code (total compilation time 41ms)
console.error: ({})
[Exception... "Component returned failure code: 0x80040111 (NS_ERROR_NOT_AVAILABLE) [nsIDOMWindowUtils.getScrollbarSize]"  nsresult: "0x80040111 (NS_ERROR_NOT_AVAILABLE)"  location: "JS frame :: resource://devtools/shared/layout/utils.js :: getWindowDimensions :: line 608"  data: no]: getWindowDimensions@resource://devtools/shared/layout/utils.js:608:17
AutoRefreshHighlighter@resource://devtools/server/actors/highlighters/auto-refresh.js:81:25
BoxModelHighlighter@resource://devtools/server/actors/highlighters/box-model.js:101:5
_createHighlighter@resource://devtools/server/actors/highlighters.js:144:25
_onNavigate@resource://devtools/server/actors/highlighters.js:166:10
_emit@resource://devtools/shared/event-emitter.js:226:34
emit@resource://devtools/shared/event-emitter.js:172:18
emit@resource://devtools/shared/event-emitter.js:324:18
_navigate@resource://devtools/server/actors/targets/browsing-context.js:1552:10
_changeTopLevelDocument/</<@resource://devtools/server/actors/targets/browsing-context.js:1437:14
exports.makeInfallible/<@resource://devtools/shared/ThreadSafeDevToolsUtils.js:103:22

console.error: "Error while calling actor 'customhighlighter's method 'show'" "Component returned failure code: 0x80040111 (NS_ERROR_NOT_AVAILABLE) [nsIDOMWindowUtils.getScrollbarSize]"
console.error: "getWindowDimensions@resource://devtools/shared/layout/utils.js:608:17\n_haveWindowDimensionsChanged@resource://devtools/server/actors/highlighters/auto-refresh.js:239:50\nupdate@resource://devtools/server/actors/highlighters/auto-refresh.js:254:35\n_startRefreshLoop@resource://devtools/server/actors/highlighters/auto-refresh.js:301:10\nshow@resource://devtools/server/actors/highlighters/auto-refresh.js:125:10\nshow@resource://devtools/server/actors/highlighters.js:301:32\nhandler@resource://devtools/shared/protocol/Actor.js:172:37\nonPacket@resource://devtools/server/devtools-server-connection.js:379:58\nreceiveMessage@resource://devtools/shared/transport/child-transport.js:66:16\n"
JavaScript error: resource://devtools/shared/protocol/Front.js, line 341: Error: Protocol error (NS_ERROR_NOT_AVAILABLE): Component returned failure code: 0x80040111 (NS_ERROR_NOT_AVAILABLE) [nsIDOMWindowUtils.getScrollbarSize] from: server0.conn0.child2/customhighlighter539 (resource://devtools/shared/layout/utils.js:608:0)
console.error: "Error while calling actor 'customhighlighter's method 'show'" "Component returned failure code: 0x80040111 (NS_ERROR_NOT_AVAILABLE) [nsIDOMWindowUtils.getScrollbarSize]"
console.error: "getWindowDimensions@resource://devtools/shared/layout/utils.js:608:17\n_haveWindowDimensionsChanged@resource://devtools/server/actors/highlighters/auto-refresh.js:239:50\nupdate@resource://devtools/server/actors/highlighters/auto-refresh.js:254:35\n_startRefreshLoop@resource://devtools/server/actors/highlighters/auto-refresh.js:301:10\nshow@resource://devtools/server/actors/highlighters/auto-refresh.js:125:10\nshow@resource://devtools/server/actors/highlighters.js:301:32\nhandler@resource://devtools/shared/protocol/Actor.js:172:37\nonPacket@resource://devtools/server/devtools-server-connection.js:379:58\nreceiveMessage@resource://devtools/shared/transport/child-transport.js:66:16\n"
JavaScript error: resource://devtools/shared/protocol/Front.js, line 341: Error: Protocol error (NS_ERROR_NOT_AVAILABLE): Component returned failure code: 0x80040111 (NS_ERROR_NOT_AVAILABLE) [nsIDOMWindowUtils.getScrollbarSize] from: server0.conn0.child2/customhighlighter539 (resource://devtools/shared/layout/utils.js:608:0)
console.error: "Error while calling actor 'customhighlighter's method 'show'" "Component returned failure code: 0x80040111 (NS_ERROR_NOT_AVAILABLE) [nsIDOMWindowUtils.getScrollbarSize]"
console.error: "getWindowDimensions@resource://devtools/shared/layout/utils.js:608:17\n_haveWindowDimensionsChanged@resource://devtools/server/actors/highlighters/auto-refresh.js:239:50\nupdate@resource://devtools/server/actors/highlighters/auto-refresh.js:254:35\n_startRefreshLoop@resource://devtools/server/actors/highlighters/auto-refresh.js:301:10\nshow@resource://devtools/server/actors/highlighters/auto-refresh.js:125:10\nshow@resource://devtools/server/actors/highlighters.js:301:32\nhandler@resource://devtools/shared/protocol/Actor.js:172:37\nonPacket@resource://devtools/server/devtools-server-connection.js:379:58\nreceiveMessage@resource://devtools/shared/transport/child-transport.js:66:16\n"
JavaScript error: resource://devtools/shared/protocol/Front.js, line 341: Error: Protocol error (NS_ERROR_NOT_AVAILABLE): Component returned failure code: 0x80040111 (NS_ERROR_NOT_AVAILABLE) [nsIDOMWindowUtils.getScrollbarSize] from: server0.conn0.child2/customhighlighter539 (resource://devtools/shared/layout/utils.js:608:0)
console.error: "Error while calling actor 'customhighlighter's method 'show'" "Component returned failure code: 0x80040111 (NS_ERROR_NOT_AVAILABLE) [nsIDOMWindowUtils.getScrollbarSize]"
console.error: "getWindowDimensions@resource://devtools/shared/layout/utils.js:608:17\n_haveWindowDimensionsChanged@resource://devtools/server/actors/highlighters/auto-refresh.js:239:50\nupdate@resource://devtools/server/actors/highlighters/auto-refresh.js:254:35\n_startRefreshLoop@resource://devtools/server/actors/highlighters/auto-refresh.js:301:10\nshow@resource://devtools/server/actors/highlighters/auto-refresh.js:125:10\nshow@resource://devtools/server/actors/highlighters.js:301:32\nhandler@resource://devtools/shared/protocol/Actor.js:172:37\nonPacket@resource://devtools/server/devtools-server-connection.js:379:58\nreceiveMessage@resource://devtools/shared/transport/child-transport.js:66:16\n"
JavaScript error: resource://devtools/shared/protocol/Front.js, line 341: Error: Protocol error (NS_ERROR_NOT_AVAILABLE): Component returned failure code: 0x80040111 (NS_ERROR_NOT_AVAILABLE) [nsIDOMWindowUtils.getScrollbarSize] from: server0.conn0.child2/customhighlighter539 (resource://devtools/shared/layout/utils.js:608:0)
console.error: "Error while calling actor 'customhighlighter's method 'show'" "Component returned failure code: 0x80040111 (NS_ERROR_NOT_AVAILABLE) [nsIDOMWindowUtils.getScrollbarSize]"
console.error: "getWindowDimensions@resource://devtools/shared/layout/utils.js:608:17\n_haveWindowDimensionsChanged@resource://devtools/server/actors/highlighters/auto-refresh.js:239:50\nupdate@resource://devtools/server/actors/highlighters/auto-refresh.js:254:35\n_startRefreshLoop@resource://devtools/server/actors/highlighters/auto-refresh.js:301:10\nshow@resource://devtools/server/actors/highlighters/auto-refresh.js:125:10\nshow@resource://devtools/server/actors/highlighters.js:301:32\nhandler@resource://devtools/shared/protocol/Actor.js:172:37\nonPacket@resource://devtools/server/devtools-server-connection.js:379:58\nreceiveMessage@resource://devtools/shared/transport/child-transport.js:66:16\n"
JavaScript error: resource://devtools/shared/protocol/Front.js, line 341: Error: Protocol error (NS_ERROR_NOT_AVAILABLE): Component returned failure code: 0x80040111 (NS_ERROR_NOT_AVAILABLE) [nsIDOMWindowUtils.getScrollbarSize] from: server0.conn0.child2/customhighlighter539 (resource://devtools/shared/layout/utils.js:608:0)
console.error: "Error while calling actor 'customhighlighter's method 'show'" "Component returned failure code: 0x80040111 (NS_ERROR_NOT_AVAILABLE) [nsIDOMWindowUtils.getScrollbarSize]"
console.error: "getWindowDimensions@resource://devtools/shared/layout/utils.js:608:17\n_haveWindowDimensionsChanged@resource://devtools/server/actors/highlighters/auto-refresh.js:239:50\nupdate@resource://devtools/server/actors/highlighters/auto-refresh.js:254:35\n_startRefreshLoop@resource://devtools/server/actors/highlighters/auto-refresh.js:301:10\nshow@resource://devtools/server/actors/highlighters/auto-refresh.js:125:10\nshow@resource://devtools/server/actors/highlighters.js:301:32\nhandler@resource://devtools/shared/protocol/Actor.js:172:37\nonPacket@resource://devtools/server/devtools-server-connection.js:379:58\nreceiveMessage@resource://devtools/shared/transport/child-transport.js:66:16\n"
console.error: "Error while calling actor 'customhighlighter's method 'show'" "Component returned failure code: 0x80040111 (NS_ERROR_NOT_AVAILABLE) [nsIDOMWindowUtils.getScrollbarSize]"
console.error: "getWindowDimensions@resource://devtools/shared/layout/utils.js:608:17\n_haveWindowDimensionsChanged@resource://devtools/server/actors/highlighters/auto-refresh.js:239:50\nupdate@resource://devtools/server/actors/highlighters/auto-refresh.js:254:35\n_startRefreshLoop@resource://devtools/server/actors/highlighters/auto-refresh.js:301:10\nshow@resource://devtools/server/actors/highlighters/auto-refresh.js:125:10\nshow@resource://devtools/server/actors/highlighters.js:301:32\nhandler@resource://devtools/shared/protocol/Actor.js:172:37\nonPacket@resource://devtools/server/devtools-server-connection.js:379:58\nreceiveMessage@resource://devtools/shared/transport/child-transport.js:66:16\n"
JavaScript error: resource://devtools/shared/protocol/Front.js, line 341: Error: Protocol error (NS_ERROR_NOT_AVAILABLE): Component returned failure code: 0x80040111 (NS_ERROR_NOT_AVAILABLE) [nsIDOMWindowUtils.getScrollbarSize] from: server0.conn0.child2/customhighlighter539 (resource://devtools/shared/layout/utils.js:608:0)
console.error: "Error while calling actor 'customhighlighter's method 'show'" "Component returned failure code: 0x80040111 (NS_ERROR_NOT_AVAILABLE) [nsIDOMWindowUtils.getScrollbarSize]"
console.error: "getWindowDimensions@resource://devtools/shared/layout/utils.js:608:17\n_haveWindowDimensionsChanged@resource://devtools/server/actors/highlighters/auto-refresh.js:239:50\nupdate@resource://devtools/server/actors/highlighters/auto-refresh.js:254:35\n_startRefreshLoop@resource://devtools/server/actors/highlighters/auto-refresh.js:301:10\nshow@resource://devtools/server/actors/highlighters/auto-refresh.js:125:10\nshow@resource://devtools/server/actors/highlighters.js:301:32\nhandler@resource://devtools/shared/protocol/Actor.js:172:37\nonPacket@resource://devtools/server/devtools-server-connection.js:379:58\nreceiveMessage@resource://devtools/shared/transport/child-transport.js:66:16\n"
JavaScript error: resource://devtools/shared/protocol/Front.js, line 341: Error: Protocol error (NS_ERROR_NOT_AVAILABLE): Component returned failure code: 0x80040111 (NS_ERROR_NOT_AVAILABLE) [nsIDOMWindowUtils.getScrollbarSize] from: server0.conn0.child2/customhighlighter539 (resource://devtools/shared/layout/utils.js:608:0)
console.error: "Error while calling actor 'customhighlighter's method 'show'" "Component returned failure code: 0x80040111 (NS_ERROR_NOT_AVAILABLE) [nsIDOMWindowUtils.getScrollbarSize]"
console.error: "getWindowDimensions@resource://devtools/shared/layout/utils.js:608:17\n_haveWindowDimensionsChanged@resource://devtools/server/actors/highlighters/auto-refresh.js:239:50\nupdate@resource://devtools/server/actors/highlighters/auto-refresh.js:254:35\n_startRefreshLoop@resource://devtools/server/actors/highlighters/auto-refresh.js:301:10\nshow@resource://devtools/server/actors/highlighters/auto-refresh.js:125:10\nshow@resource://devtools/server/actors/highlighters.js:301:32\nhandler@resource://devtools/shared/protocol/Actor.js:172:37\nonPacket@resource://devtools/server/devtools-server-connection.js:379:58\nreceiveMessage@resource://devtools/shared/transport/child-transport.js:66:16\n"
console.error: "Error while calling actor 'customhighlighter's method 'show'" "Component returned failure code: 0x80040111 (NS_ERROR_NOT_AVAILABLE) [nsIDOMWindowUtils.getScrollbarSize]"
console.error: "getWindowDimensions@resource://devtools/shared/layout/utils.js:608:17\n_haveWindowDimensionsChanged@resource://devtools/server/actors/highlighters/auto-refresh.js:239:50\nupdate@resource://devtools/server/actors/highlighters/auto-refresh.js:254:35\n_startRefreshLoop@resource://devtools/server/actors/highlighters/auto-refresh.js:301:10\nshow@resource://devtools/server/actors/highlighters/auto-refresh.js:125:10\nshow@resource://devtools/server/actors/highlighters.js:301:32\nhandler@resource://devtools/shared/protocol/Actor.js:172:37\nonPacket@resource://devtools/server/devtools-server-connection.js:379:58\nreceiveMessage@resource://devtools/shared/transport/child-transport.js:66:16\n"
JavaScript error: resource://devtools/shared/protocol/Front.js, line 341: Error: Protocol error (NS_ERROR_NOT_AVAILABLE): Component returned failure code: 0x80040111 (NS_ERROR_NOT_AVAILABLE) [nsIDOMWindowUtils.getScrollbarSize] from: server0.conn0.child2/customhighlighter539 (resource://devtools/shared/layout/utils.js:608:0)
console.error: "Error while calling actor 'customhighlighter's method 'show'" "Component returned failure code: 0x80040111 (NS_ERROR_NOT_AVAILABLE) [nsIDOMWindowUtils.getScrollbarSize]"
console.error: "getWindowDimensions@resource://devtools/shared/layout/utils.js:608:17\n_haveWindowDimensionsChanged@resource://devtools/server/actors/highlighters/auto-refresh.js:239:50\nupdate@resource://devtools/server/actors/highlighters/auto-refresh.js:254:35\n_startRefreshLoop@resource://devtools/server/actors/highlighters/auto-refresh.js:301:10\nshow@resource://devtools/server/actors/highlighters/auto-refresh.js:125:10\nshow@resource://devtools/server/actors/highlighters.js:301:32\nhandler@resource://devtools/shared/protocol/Actor.js:172:37\nonPacket@resource://devtools/server/devtools-server-connection.js:379:58\nreceiveMessage@resource://devtools/shared/transport/child-transport.js:66:16\n"
JavaScript error: resource://devtools/shared/protocol/Front.js, line 341: Error: Protocol error (NS_ERROR_NOT_AVAILABLE): Component returned failure code: 0x80040111 (NS_ERROR_NOT_AVAILABLE) [nsIDOMWindowUtils.getScrollbarSize] from: server0.conn0.child2/customhighlighter539 (resource://devtools/shared/layout/utils.js:608:0)
console.error: "Error while calling actor 'customhighlighter's method 'show'" "Component returned failure code: 0x80040111 (NS_ERROR_NOT_AVAILABLE) [nsIDOMWindowUtils.getScrollbarSize]"
console.error: "getWindowDimensions@resource://devtools/shared/layout/utils.js:608:17\n_haveWindowDimensionsChanged@resource://devtools/server/actors/highlighters/auto-refresh.js:239:50\nupdate@resource://devtools/server/actors/highlighters/auto-refresh.js:254:35\n_startRefreshLoop@resource://devtools/server/actors/highlighters/auto-refresh.js:301:10\nshow@resource://devtools/server/actors/highlighters/auto-refresh.js:125:10\nshow@resource://devtools/server/actors/highlighters.js:301:32\nhandler@resource://devtools/shared/protocol/Actor.js:172:37\nonPacket@resource://devtools/server/devtools-server-connection.js:379:58\nreceiveMessage@resource://devtools/shared/transport/child-transport.js:66:16\n"
JavaScript error: resource://devtools/shared/protocol/Front.js, line 341: Error: Protocol error (NS_ERROR_NOT_AVAILABLE): Component returned failure code: 0x80040111 (NS_ERROR_NOT_AVAILABLE) [nsIDOMWindowUtils.getScrollbarSize] from: server0.conn0.child2/customhighlighter539 (resource://devtools/shared/layout/utils.js:608:0)
console.error: "Error while calling actor 'customhighlighter's method 'show'" "Component returned failure code: 0x80040111 (NS_ERROR_NOT_AVAILABLE) [nsIDOMWindowUtils.getScrollbarSize]"
console.error: "getWindowDimensions@resource://devtools/shared/layout/utils.js:608:17\n_haveWindowDimensionsChanged@resource://devtools/server/actors/highlighters/auto-refresh.js:239:50\nupdate@resource://devtools/server/actors/highlighters/auto-refresh.js:254:35\n_startRefreshLoop@resource://devtools/server/actors/highlighters/auto-refresh.js:301:10\nshow@resource://devtools/server/actors/highlighters/auto-refresh.js:125:10\nshow@resource://devtools/server/actors/highlighters.js:301:32\nhandler@resource://devtools/shared/protocol/Actor.js:172:37\nonPacket@resource://devtools/server/devtools-server-connection.js:379:58\nreceiveMessage@resource://devtools/shared/transport/child-transport.js:66:16\n"
JavaScript error: resource://devtools/shared/protocol/Front.js, line 341: Error: Protocol error (NS_ERROR_NOT_AVAILABLE): Component returned failure code: 0x80040111 (NS_ERROR_NOT_AVAILABLE) [nsIDOMWindowUtils.getScrollbarSize] from: server0.conn0.child2/customhighlighter539 (resource://devtools/shared/layout/utils.js:608:0)
console.error: "Error while calling actor 'customhighlighter's method 'show'" "Component returned failure code: 0x80040111 (NS_ERROR_NOT_AVAILABLE) [nsIDOMWindowUtils.getScrollbarSize]"
console.error: "getWindowDimensions@resource://devtools/shared/layout/utils.js:608:17\n_haveWindowDimensionsChanged@resource://devtools/server/actors/highlighters/auto-refresh.js:239:50\nupdate@resource://devtools/server/actors/highlighters/auto-refresh.js:254:35\n_startRefreshLoop@resource://devtools/server/actors/highlighters/auto-refresh.js:301:10\nshow@resource://devtools/server/actors/highlighters/auto-refresh.js:125:10\nshow@resource://devtools/server/actors/highlighters.js:301:32\nhandler@resource://devtools/shared/protocol/Actor.js:172:37\nonPacket@resource://devtools/server/devtools-server-connection.js:379:58\nreceiveMessage@resource://devtools/shared/transport/child-transport.js:66:16\n"
console.error: "Error while calling actor 'customhighlighter's method 'show'" "Component returned failure code: 0x80040111 (NS_ERROR_NOT_AVAILABLE) [nsIDOMWindowUtils.getScrollbarSize]"
console.error: "getWindowDimensions@resource://devtools/shared/layout/utils.js:608:17\n_haveWindowDimensionsChanged@resource://devtools/server/actors/highlighters/auto-refresh.js:239:50\nupdate@resource://devtools/server/actors/highlighters/auto-refresh.js:254:35\n_startRefreshLoop@resource://devtools/server/actors/highlighters/auto-refresh.js:301:10\nshow@resource://devtools/server/actors/highlighters/auto-refresh.js:125:10\nshow@resource://devtools/server/actors/highlighters.js:301:32\nhandler@resource://devtools/shared/protocol/Actor.js:172:37\nonPacket@resource://devtools/server/devtools-server-connection.js:379:58\nreceiveMessage@resource://devtools/shared/transport/child-transport.js:66:16\n"
JavaScript error: resource://devtools/shared/protocol/Front.js, line 341: Error: Protocol error (NS_ERROR_NOT_AVAILABLE): Component returned failure code: 0x80040111 (NS_ERROR_NOT_AVAILABLE) [nsIDOMWindowUtils.getScrollbarSize] from: server0.conn0.child2/customhighlighter539 (resource://devtools/shared/layout/utils.js:608:0)
console.error: "Error while calling actor 'customhighlighter's method 'show'" "Component returned failure code: 0x80040111 (NS_ERROR_NOT_AVAILABLE) [nsIDOMWindowUtils.getScrollbarSize]"
console.error: "getWindowDimensions@resource://devtools/shared/layout/utils.js:608:17\n_haveWindowDimensionsChanged@resource://devtools/server/actors/highlighters/auto-refresh.js:239:50\nupdate@resource://devtools/server/actors/highlighters/auto-refresh.js:254:35\n_startRefreshLoop@resource://devtools/server/actors/highlighters/auto-refresh.js:301:10\nshow@resource://devtools/server/actors/highlighters/auto-refresh.js:125:10\nshow@resource://devtools/server/actors/highlighters.js:301:32\nhandler@resource://devtools/shared/protocol/Actor.js:172:37\nonPacket@resource://devtools/server/devtools-server-connection.js:379:58\nreceiveMessage@resource://devtools/shared/transport/child-transport.js:66:16\n"
JavaScript error: resource://devtools/shared/protocol/Front.js, line 341: Error: Protocol error (NS_ERROR_NOT_AVAILABLE): Component returned failure code: 0x80040111 (NS_ERROR_NOT_AVAILABLE) [nsIDOMWindowUtils.getScrollbarSize] from: server0.conn0.child2/customhighlighter539 (resource://devtools/shared/layout/utils.js:608:0)
console.error: "Error while calling actor 'customhighlighter's method 'show'" "Component returned failure code: 0x80040111 (NS_ERROR_NOT_AVAILABLE) [nsIDOMWindowUtils.getScrollbarSize]"
console.error: "getWindowDimensions@resource://devtools/shared/layout/utils.js:608:17\n_haveWindowDimensionsChanged@resource://devtools/server/actors/highlighters/auto-refresh.js:239:50\nupdate@resource://devtools/server/actors/highlighters/auto-refresh.js:254:35\n_startRefreshLoop@resource://devtools/server/actors/highlighters/auto-refresh.js:301:10\nshow@resource://devtools/server/actors/highlighters/auto-refresh.js:125:10\nshow@resource://devtools/server/actors/highlighters.js:301:32\nhandler@resource://devtools/shared/protocol/Actor.js:172:37\nonPacket@resource://devtools/server/devtools-server-connection.js:379:58\nreceiveMessage@resource://devtools/shared/transport/child-transport.js:66:16\n"
JavaScript error: resource://devtools/shared/protocol/Front.js, line 341: Error: Protocol error (NS_ERROR_NOT_AVAILABLE): Component returned failure code: 0x80040111 (NS_ERROR_NOT_AVAILABLE) [nsIDOMWindowUtils.getScrollbarSize] from: server0.conn0.child2/customhighlighter539 (resource://devtools/shared/layout/utils.js:608:0)
console.error: "Error while calling actor 'customhighlighter's method 'show'" "Component returned failure code: 0x80040111 (NS_ERROR_NOT_AVAILABLE) [nsIDOMWindowUtils.getScrollbarSize]"
console.error: "getWindowDimensions@resource://devtools/shared/layout/utils.js:608:17\n_haveWindowDimensionsChanged@resource://devtools/server/actors/highlighters/auto-refresh.js:239:50\nupdate@resource://devtools/server/actors/highlighters/auto-refresh.js:254:35\n_startRefreshLoop@resource://devtools/server/actors/highlighters/auto-refresh.js:301:10\nshow@resource://devtools/server/actors/highlighters/auto-refresh.js:125:10\nshow@resource://devtools/server/actors/highlighters.js:301:32\nhandler@resource://devtools/shared/protocol/Actor.js:172:37\nonPacket@resource://devtools/server/devtools-server-connection.js:379:58\nreceiveMessage@resource://devtools/shared/transport/child-transport.js:66:16\n"
JavaScript error: resource://devtools/shared/protocol/Front.js, line 341: Error: Protocol error (NS_ERROR_NOT_AVAILABLE): Component returned failure code: 0x80040111 (NS_ERROR_NOT_AVAILABLE) [nsIDOMWindowUtils.getScrollbarSize] from: server0.conn0.child2/customhighlighter539 (resource://devtools/shared/layout/utils.js:608:0)
console.error: "Error while calling actor 'customhighlighter's method 'show'" "Component returned failure code: 0x80040111 (NS_ERROR_NOT_AVAILABLE) [nsIDOMWindowUtils.getScrollbarSize]"
console.error: "getWindowDimensions@resource://devtools/shared/layout/utils.js:608:17\n_haveWindowDimensionsChanged@resource://devtools/server/actors/highlighters/auto-refresh.js:239:50\nupdate@resource://devtools/server/actors/highlighters/auto-refresh.js:254:35\n_startRefreshLoop@resource://devtools/server/actors/highlighters/auto-refresh.js:301:10\nshow@resource://devtools/server/actors/highlighters/auto-refresh.js:125:10\nshow@resource://devtools/server/actors/highlighters.js:301:32\nhandler@resource://devtools/shared/protocol/Actor.js:172:37\nonPacket@resource://devtools/server/devtools-server-connection.js:379:58\nreceiveMessage@resource://devtools/shared/transport/child-transport.js:66:16\n"
JavaScript error: resource://devtools/shared/protocol/Front.js, line 341: Error: Protocol error (NS_ERROR_NOT_AVAILABLE): Component returned failure code: 0x80040111 (NS_ERROR_NOT_AVAILABLE) [nsIDOMWindowUtils.getScrollbarSize] from: server0.conn0.child2/customhighlighter539 (resource://devtools/shared/layout/utils.js:608:0)
console.error: "Error while calling actor 'customhighlighter's method 'show'" "Component returned failure code: 0x80040111 (NS_ERROR_NOT_AVAILABLE) [nsIDOMWindowUtils.getScrollbarSize]"
console.error: "getWindowDimensions@resource://devtools/shared/layout/utils.js:608:17\n_haveWindowDimensionsChanged@resource://devtools/server/actors/highlighters/auto-refresh.js:239:50\nupdate@resource://devtools/server/actors/highlighters/auto-refresh.js:254:35\n_startRefreshLoop@resource://devtools/server/actors/highlighters/auto-refresh.js:301:10\nshow@resource://devtools/server/actors/highlighters/auto-refresh.js:125:10\nshow@resource://devtools/server/actors/highlighters.js:301:32\nhandler@resource://devtools/shared/protocol/Actor.js:172:37\nonPacket@resource://devtools/server/devtools-server-connection.js:379:58\nreceiveMessage@resource://devtools/shared/transport/child-transport.js:66:16\n"
JavaScript error: resource://devtools/shared/protocol/Front.js, line 341: Error: Protocol error (NS_ERROR_NOT_AVAILABLE): Component returned failure code: 0x80040111 (NS_ERROR_NOT_AVAILABLE) [nsIDOMWindowUtils.getScrollbarSize] from: server0.conn0.child2/customhighlighter539 (resource://devtools/shared/layout/utils.js:608:0)
console.error: "Error while calling actor 'customhighlighter's method 'show'" "Component returned failure code: 0x80040111 (NS_ERROR_NOT_AVAILABLE) [nsIDOMWindowUtils.getScrollbarSize]"
console.error: "getWindowDimensions@resource://devtools/shared/layout/utils.js:608:17\n_haveWindowDimensionsChanged@resource://devtools/server/actors/highlighters/auto-refresh.js:239:50\nupdate@resource://devtools/server/actors/highlighters/auto-refresh.js:254:35\n_startRefreshLoop@resource://devtools/server/actors/highlighters/auto-refresh.js:301:10\nshow@resource://devtools/server/actors/highlighters/auto-refresh.js:125:10\nshow@resource://devtools/server/actors/highlighters.js:301:32\nhandler@resource://devtools/shared/protocol/Actor.js:172:37\nonPacket@resource://devtools/server/devtools-server-connection.js:379:58\nreceiveMessage@resource://devtools/shared/transport/child-transport.js:66:16\n"
JavaScript error: resource://devtools/shared/protocol/Front.js, line 341: Error: Protocol error (NS_ERROR_NOT_AVAILABLE): Component returned failure code: 0x80040111 (NS_ERROR_NOT_AVAILABLE) [nsIDOMWindowUtils.getScrollbarSize] from: server0.conn0.child2/customhighlighter539 (resource://devtools/shared/layout/utils.js:608:0)
console.error: "Error while calling actor 'customhighlighter's method 'show'" "Component returned failure code: 0x80040111 (NS_ERROR_NOT_AVAILABLE) [nsIDOMWindowUtils.getScrollbarSize]"
console.error: "getWindowDimensions@resource://devtools/shared/layout/utils.js:608:17\n_haveWindowDimensionsChanged@resource://devtools/server/actors/highlighters/auto-refresh.js:239:50\nupdate@resource://devtools/server/actors/highlighters/auto-refresh.js:254:35\n_startRefreshLoop@resource://devtools/server/actors/highlighters/auto-refresh.js:301:10\nshow@resource://devtools/server/actors/highlighters/auto-refresh.js:125:10\nshow@resource://devtools/server/actors/highlighters.js:301:32\nhandler@resource://devtools/shared/protocol/Actor.js:172:37\nonPacket@resource://devtools/server/devtools-server-connection.js:379:58\nreceiveMessage@resource://devtools/shared/transport/child-transport.js:66:16\n"
JavaScript error: resource://devtools/shared/protocol/Front.js, line 341: Error: Protocol error (NS_ERROR_NOT_AVAILABLE): Component returned failure code: 0x80040111 (NS_ERROR_NOT_AVAILABLE) [nsIDOMWindowUtils.getScrollbarSize] from: server0.conn0.child2/customhighlighter539 (resource://devtools/shared/layout/utils.js:608:0)
console.error: "Error while calling actor 'customhighlighter's method 'show'" "Component returned failure code: 0x80040111 (NS_ERROR_NOT_AVAILABLE) [nsIDOMWindowUtils.getScrollbarSize]"
console.error: "getWindowDimensions@resource://devtools/shared/layout/utils.js:608:17\n_haveWindowDimensionsChanged@resource://devtools/server/actors/highlighters/auto-refresh.js:239:50\nupdate@resource://devtools/server/actors/highlighters/auto-refresh.js:254:35\n_startRefreshLoop@resource://devtools/server/actors/highlighters/auto-refresh.js:301:10\nshow@resource://devtools/server/actors/highlighters/auto-refresh.js:125:10\nshow@resource://devtools/server/actors/highlighters.js:301:32\nhandler@resource://devtools/shared/protocol/Actor.js:172:37\nonPacket@resource://devtools/server/devtools-server-connection.js:379:58\nreceiveMessage@resource://devtools/shared/transport/child-transport.js:66:16\n"
JavaScript error: resource://devtools/shared/protocol/Front.js, line 341: Error: Protocol error (NS_ERROR_NOT_AVAILABLE): Component returned failure code: 0x80040111 (NS_ERROR_NOT_AVAILABLE) [nsIDOMWindowUtils.getScrollbarSize] from: server0.conn0.child2/customhighlighter539 (resource://devtools/shared/layout/utils.js:608:0)
console.error: "Error while calling actor 'customhighlighter's method 'show'" "Component returned failure code: 0x80040111 (NS_ERROR_NOT_AVAILABLE) [nsIDOMWindowUtils.getScrollbarSize]"
console.error: "getWindowDimensions@resource://devtools/shared/layout/utils.js:608:17\n_haveWindowDimensionsChanged@resource://devtools/server/actors/highlighters/auto-refresh.js:239:50\nupdate@resource://devtools/server/actors/highlighters/auto-refresh.js:254:35\n_startRefreshLoop@resource://devtools/server/actors/highlighters/auto-refresh.js:301:10\nshow@resource://devtools/server/actors/highlighters/auto-refresh.js:125:10\nshow@resource://devtools/server/actors/highlighters.js:301:32\nhandler@resource://devtools/shared/protocol/Actor.js:172:37\nonPacket@resource://devtools/server/devtools-server-connection.js:379:58\nreceiveMessage@resource://devtools/shared/transport/child-transport.js:66:16\n"
JavaScript error: resource://devtools/shared/protocol/Front.js, line 341: Error: Protocol error (NS_ERROR_NOT_AVAILABLE): Component returned failure code: 0x80040111 (NS_ERROR_NOT_AVAILABLE) [nsIDOMWindowUtils.getScrollbarSize] from: server0.conn0.child2/customhighlighter539 (resource://devtools/shared/layout/utils.js:608:0)
console.error: "Error while calling actor 'customhighlighter's method 'show'" "Component returned failure code: 0x80040111 (NS_ERROR_NOT_AVAILABLE) [nsIDOMWindowUtils.getScrollbarSize]"
console.error: "getWindowDimensions@resource://devtools/shared/layout/utils.js:608:17\n_haveWindowDimensionsChanged@resource://devtools/server/actors/highlighters/auto-refresh.js:239:50\nupdate@resource://devtools/server/actors/highlighters/auto-refresh.js:254:35\n_startRefreshLoop@resource://devtools/server/actors/highlighters/auto-refresh.js:301:10\nshow@resource://devtools/server/actors/highlighters/auto-refresh.js:125:10\nshow@resource://devtools/server/actors/highlighters.js:301:32\nhandler@resource://devtools/shared/protocol/Actor.js:172:37\nonPacket@resource://devtools/server/devtools-server-connection.js:379:58\nreceiveMessage@resource://devtools/shared/transport/child-transport.js:66:16\n"
JavaScript error: resource://devtools/shared/protocol/Front.js, line 341: Error: Protocol error (NS_ERROR_NOT_AVAILABLE): Component returned failure code: 0x80040111 (NS_ERROR_NOT_AVAILABLE) [nsIDOMWindowUtils.getScrollbarSize] from: server0.conn0.child2/customhighlighter539 (resource://devtools/shared/layout/utils.js:608:0)
console.error: "Error while calling actor 'customhighlighter's method 'show'" "Component returned failure code: 0x80040111 (NS_ERROR_NOT_AVAILABLE) [nsIDOMWindowUtils.getScrollbarSize]"
console.error: "getWindowDimensions@resource://devtools/shared/layout/utils.js:608:17\n_haveWindowDimensionsChanged@resource://devtools/server/actors/highlighters/auto-refresh.js:239:50\nupdate@resource://devtools/server/actors/highlighters/auto-refresh.js:254:35\n_startRefreshLoop@resource://devtools/server/actors/highlighters/auto-refresh.js:301:10\nshow@resource://devtools/server/actors/highlighters/auto-refresh.js:125:10\nshow@resource://devtools/server/actors/highlighters.js:301:32\nhandler@resource://devtools/shared/protocol/Actor.js:172:37\nonPacket@resource://devtools/server/devtools-server-connection.js:379:58\nreceiveMessage@resource://devtools/shared/transport/child-transport.js:66:16\n"
JavaScript error: resource://devtools/shared/protocol/Front.js, line 341: Error: Protocol error (NS_ERROR_NOT_AVAILABLE): Component returned failure code: 0x80040111 (NS_ERROR_NOT_AVAILABLE) [nsIDOMWindowUtils.getScrollbarSize] from: server0.conn0.child2/customhighlighter539 (resource://devtools/shared/layout/utils.js:608:0)
console.error: "Error while calling actor 'customhighlighter's method 'show'" "Component returned failure code: 0x80040111 (NS_ERROR_NOT_AVAILABLE) [nsIDOMWindowUtils.getScrollbarSize]"
console.error: "getWindowDimensions@resource://devtools/shared/layout/utils.js:608:17\n_haveWindowDimensionsChanged@resource://devtools/server/actors/highlighters/auto-refresh.js:239:50\nupdate@resource://devtools/server/actors/highlighters/auto-refresh.js:254:35\n_startRefreshLoop@resource://devtools/server/actors/highlighters/auto-refresh.js:301:10\nshow@resource://devtools/server/actors/highlighters/auto-refresh.js:125:10\nshow@resource://devtools/server/actors/highlighters.js:301:32\nhandler@resource://devtools/shared/protocol/Actor.js:172:37\nonPacket@resource://devtools/server/devtools-server-connection.js:379:58\nreceiveMessage@resource://devtools/shared/transport/child-transport.js:66:16\n"
JavaScript error: resource://devtools/shared/protocol/Front.js, line 341: Error: Protocol error (NS_ERROR_NOT_AVAILABLE): Component returned failure code: 0x80040111 (NS_ERROR_NOT_AVAILABLE) [nsIDOMWindowUtils.getScrollbarSize] from: server0.conn0.child2/customhighlighter539 (resource://devtools/shared/layout/utils.js:608:0)
console.error: "Error while calling actor 'customhighlighter's method 'show'" "Component returned failure code: 0x80040111 (NS_ERROR_NOT_AVAILABLE) [nsIDOMWindowUtils.getScrollbarSize]"
console.error: "getWindowDimensions@resource://devtools/shared/layout/utils.js:608:17\n_haveWindowDimensionsChanged@resource://devtools/server/actors/highlighters/auto-refresh.js:239:50\nupdate@resource://devtools/server/actors/highlighters/auto-refresh.js:254:35\n_startRefreshLoop@resource://devtools/server/actors/highlighters/auto-refresh.js:301:10\nshow@resource://devtools/server/actors/highlighters/auto-refresh.js:125:10\nshow@resource://devtools/server/actors/highlighters.js:301:32\nhandler@resource://devtools/shared/protocol/Actor.js:172:37\nonPacket@resource://devtools/server/devtools-server-connection.js:379:58\nreceiveMessage@resource://devtools/shared/transport/child-transport.js:66:16\n"
JavaScript error: resource://devtools/shared/protocol/Front.js, line 341: Error: Protocol error (NS_ERROR_NOT_AVAILABLE): Component returned failure code: 0x80040111 (NS_ERROR_NOT_AVAILABLE) [nsIDOMWindowUtils.getScrollbarSize] from: server0.conn0.child2/customhighlighter539 (resource://devtools/shared/layout/utils.js:608:0)
console.error: "Error while calling actor 'customhighlighter's method 'show'" "Component returned failure code: 0x80040111 (NS_ERROR_NOT_AVAILABLE) [nsIDOMWindowUtils.getScrollbarSize]"
console.error: "getWindowDimensions@resource://devtools/shared/layout/utils.js:608:17\n_haveWindowDimensionsChanged@resource://devtools/server/actors/highlighters/auto-refresh.js:239:50\nupdate@resource://devtools/server/actors/highlighters/auto-refresh.js:254:35\n_startRefreshLoop@resource://devtools/server/actors/highlighters/auto-refresh.js:301:10\nshow@resource://devtools/server/actors/highlighters/auto-refresh.js:125:10\nshow@resource://devtools/server/actors/highlighters.js:301:32\nhandler@resource://devtools/shared/protocol/Actor.js:172:37\nonPacket@resource://devtools/server/devtools-server-connection.js:379:58\nreceiveMessage@resource://devtools/shared/transport/child-transport.js:66:16\n"
JavaScript error: resource://devtools/shared/protocol/Front.js, line 341: Error: Protocol error (NS_ERROR_NOT_AVAILABLE): Component returned failure code: 0x80040111 (NS_ERROR_NOT_AVAILABLE) [nsIDOMWindowUtils.getScrollbarSize] from: server0.conn0.child2/customhighlighter539 (resource://devtools/shared/layout/utils.js:608:0)
console.error: "Error while calling actor 'customhighlighter's method 'show'" "Component returned failure code: 0x80040111 (NS_ERROR_NOT_AVAILABLE) [nsIDOMWindowUtils.getScrollbarSize]"
console.error: "getWindowDimensions@resource://devtools/shared/layout/utils.js:608:17\n_haveWindowDimensionsChanged@resource://devtools/server/actors/highlighters/auto-refresh.js:239:50\nupdate@resource://devtools/server/actors/highlighters/auto-refresh.js:254:35\n_startRefreshLoop@resource://devtools/server/actors/highlighters/auto-refresh.js:301:10\nshow@resource://devtools/server/actors/highlighters/auto-refresh.js:125:10\nshow@resource://devtools/server/actors/highlighters.js:301:32\nhandler@resource://devtools/shared/protocol/Actor.js:172:37\nonPacket@resource://devtools/server/devtools-server-connection.js:379:58\nreceiveMessage@resource://devtools/shared/transport/child-transport.js:66:16\n"
JavaScript error: resource://devtools/shared/protocol/Front.js, line 341: Error: Protocol error (NS_ERROR_NOT_AVAILABLE): Component returned failure code: 0x80040111 (NS_ERROR_NOT_AVAILABLE) [nsIDOMWindowUtils.getScrollbarSize] from: server0.conn0.child2/customhighlighter539 (resource://devtools/shared/layout/utils.js:608:0)
console.error: "Error while calling actor 'customhighlighter's method 'show'" "Component returned failure code: 0x80040111 (NS_ERROR_NOT_AVAILABLE) [nsIDOMWindowUtils.getScrollbarSize]"
console.error: "getWindowDimensions@resource://devtools/shared/layout/utils.js:608:17\n_haveWindowDimensionsChanged@resource://devtools/server/actors/highlighters/auto-refresh.js:239:50\nupdate@resource://devtools/server/actors/highlighters/auto-refresh.js:254:35\n_startRefreshLoop@resource://devtools/server/actors/highlighters/auto-refresh.js:301:10\nshow@resource://devtools/server/actors/highlighters/auto-refresh.js:125:10\nshow@resource://devtools/server/actors/highlighters.js:301:32\nhandler@resource://devtools/shared/protocol/Actor.js:172:37\nonPacket@resource://devtools/server/devtools-server-connection.js:379:58\nreceiveMessage@resource://devtools/shared/transport/child-transport.js:66:16\n"
JavaScript error: resource://devtools/shared/protocol/Front.js, line 341: Error: Protocol error (NS_ERROR_NOT_AVAILABLE): Component returned failure code: 0x80040111 (NS_ERROR_NOT_AVAILABLE) [nsIDOMWindowUtils.getScrollbarSize] from: server0.conn0.child2/customhighlighter539 (resource://devtools/shared/layout/utils.js:608:0)
console.error: "Error while calling actor 'customhighlighter's method 'show'" "Component returned failure code: 0x80040111 (NS_ERROR_NOT_AVAILABLE) [nsIDOMWindowUtils.getScrollbarSize]"
console.error: "getWindowDimensions@resource://devtools/shared/layout/utils.js:608:17\n_haveWindowDimensionsChanged@resource://devtools/server/actors/highlighters/auto-refresh.js:239:50\nupdate@resource://devtools/server/actors/highlighters/auto-refresh.js:254:35\n_startRefreshLoop@resource://devtools/server/actors/highlighters/auto-refresh.js:301:10\nshow@resource://devtools/server/actors/highlighters/auto-refresh.js:125:10\nshow@resource://devtools/server/actors/highlighters.js:301:32\nhandler@resource://devtools/shared/protocol/Actor.js:172:37\nonPacket@resource://devtools/server/devtools-server-connection.js:379:58\nreceiveMessage@resource://devtools/shared/transport/child-transport.js:66:16\n"
JavaScript error: resource://devtools/shared/protocol/Front.js, line 341: Error: Protocol error (NS_ERROR_NOT_AVAILABLE): Component returned failure code: 0x80040111 (NS_ERROR_NOT_AVAILABLE) [nsIDOMWindowUtils.getScrollbarSize] from: server0.conn0.child2/customhighlighter539 (resource://devtools/shared/layout/utils.js:608:0)
console.error: "Error while calling actor 'customhighlighter's method 'show'" "Component returned failure code: 0x80040111 (NS_ERROR_NOT_AVAILABLE) [nsIDOMWindowUtils.getScrollbarSize]"
console.error: "getWindowDimensions@resource://devtools/shared/layout/utils.js:608:17\n_haveWindowDimensionsChanged@resource://devtools/server/actors/highlighters/auto-refresh.js:239:50\nupdate@resource://devtools/server/actors/highlighters/auto-refresh.js:254:35\n_startRefreshLoop@resource://devtools/server/actors/highlighters/auto-refresh.js:301:10\nshow@resource://devtools/server/actors/highlighters/auto-refresh.js:125:10\nshow@resource://devtools/server/actors/highlighters.js:301:32\nhandler@resource://devtools/shared/protocol/Actor.js:172:37\nonPacket@resource://devtools/server/devtools-server-connection.js:379:58\nreceiveMessage@resource://devtools/shared/transport/child-transport.js:66:16\n"
JavaScript error: resource://devtools/shared/protocol/Front.js, line 341: Error: Protocol error (NS_ERROR_NOT_AVAILABLE): Component returned failure code: 0x80040111 (NS_ERROR_NOT_AVAILABLE) [nsIDOMWindowUtils.getScrollbarSize] from: server0.conn0.child2/customhighlighter539 (resource://devtools/shared/layout/utils.js:608:0)
console.error: "Error while calling actor 'customhighlighter's method 'show'" "Component returned failure code: 0x80040111 (NS_ERROR_NOT_AVAILABLE) [nsIDOMWindowUtils.getScrollbarSize]"
console.error: "getWindowDimensions@resource://devtools/shared/layout/utils.js:608:17\n_haveWindowDimensionsChanged@resource://devtools/server/actors/highlighters/auto-refresh.js:239:50\nupdate@resource://devtools/server/actors/highlighters/auto-refresh.js:254:35\n_startRefreshLoop@resource://devtools/server/actors/highlighters/auto-refresh.js:301:10\nshow@resource://devtools/server/actors/highlighters/auto-refresh.js:125:10\nshow@resource://devtools/server/actors/highlighters.js:301:32\nhandler@resource://devtools/shared/protocol/Actor.js:172:37\nonPacket@resource://devtools/server/devtools-server-connection.js:379:58\nreceiveMessage@resource://devtools/shared/transport/child-transport.js:66:16\n"
JavaScript error: resource://devtools/shared/protocol/Front.js, line 341: Error: Protocol error (NS_ERROR_NOT_AVAILABLE): Component returned failure code: 0x80040111 (NS_ERROR_NOT_AVAILABLE) [nsIDOMWindowUtils.getScrollbarSize] from: server0.conn0.child2/customhighlighter539 (resource://devtools/shared/layout/utils.js:608:0)
console.error: "Error while calling actor 'customhighlighter's method 'show'" "Component returned failure code: 0x80040111 (NS_ERROR_NOT_AVAILABLE) [nsIDOMWindowUtils.getScrollbarSize]"
console.error: "getWindowDimensions@resource://devtools/shared/layout/utils.js:608:17\n_haveWindowDimensionsChanged@resource://devtools/server/actors/highlighters/auto-refresh.js:239:50\nupdate@resource://devtools/server/actors/highlighters/auto-refresh.js:254:35\n_startRefreshLoop@resource://devtools/server/actors/highlighters/auto-refresh.js:301:10\nshow@resource://devtools/server/actors/highlighters/auto-refresh.js:125:10\nshow@resource://devtools/server/actors/highlighters.js:301:32\nhandler@resource://devtools/shared/protocol/Actor.js:172:37\nonPacket@resource://devtools/server/devtools-server-connection.js:379:58\nreceiveMessage@resource://devtools/shared/transport/child-transport.js:66:16\n"
JavaScript error: resource://devtools/shared/protocol/Front.js, line 341: Error: Protocol error (NS_ERROR_NOT_AVAILABLE): Component returned failure code: 0x80040111 (NS_ERROR_NOT_AVAILABLE) [nsIDOMWindowUtils.getScrollbarSize] from: server0.conn0.child2/customhighlighter539 (resource://devtools/shared/layout/utils.js:608:0)
console.error: "Error while calling actor 'layout's method 'getGrids'" "node is null"
console.error: "getGrids@resource://devtools/server/actors/layout.js:502:26\ngetGrids@resource://devtools/server/actors/layout.js:507:43\nhandler@resource://devtools/shared/protocol/Actor.js:172:37\nonPacket@resource://devtools/server/devtools-server-connection.js:379:58\nreceiveMessage@resource://devtools/shared/transport/child-transport.js:66:16\n"
console.error: (new TypeError("currentNode is null", "resource://devtools/client/inspector/shared/style-change-tracker.js", 66))
TypeError: currentNode is null: canMutationImpactCurrentStyles@resource://devtools/client/inspector/shared/style-change-tracker.js:66:20
onMutations@resource://devtools/client/inspector/shared/style-change-tracker.js:84:41
_emit@resource://devtools/shared/event-emitter.js:226:34
emit@resource://devtools/shared/event-emitter.js:172:18
emit@resource://devtools/shared/event-emitter.js:324:18
getMutations@resource://devtools/client/fronts/walker.js:405:10

JavaScript error: resource://gre/modules/XULStore.jsm, line 66: Error: Can't find profile directory.
JavaScript error: resource://gre/modules/XULStore.jsm, line 66: Error: Can't find profile directory.
console.error: "Error while calling actor 'layout's method 'getGrids'" "node is null"
console.error: "getGrids@resource://devtools/server/actors/layout.js:502:26\ngetGrids@resource://devtools/server/actors/layout.js:507:43\nhandler@resource://devtools/shared/protocol/Actor.js:172:37\nonPacket@resource://devtools/server/devtools-server-connection.js:379:58\nreceiveMessage@resource://devtools/shared/transport/child-transport.js:66:16\n"
console.error: "Error while calling actor 'stylesheets's method 'getText'" "sheet.ownerNode is null"
console.error: "getSheetText@resource://devtools/server/actors/stylesheets.js:155:21\n_getText@resource://devtools/server/actors/stylesheets.js:499:12\ngetText@resource://devtools/server/actors/stylesheets.js:482:17\ngetText@resource://devtools/server/actors/stylesheets.js:950:18\nhandler@resource://devtools/shared/protocol/Actor.js:172:37\nonPacket@resource://devtools/server/devtools-server-connection.js:379:58\nreceiveMessage@resource://devtools/shared/transport/child-transport.js:66:16\n"
console.error: (new Error("Protocol error (TypeError): sheet.ownerNode is null from: server0.conn0.child2/styleSheetsActor4 (resource://devtools/server/actors/stylesheets.js:155:21)", "resource://devtools/shared/protocol/Front.js", 341))
console.error: (new Error("Protocol error (TypeError): sheet.ownerNode is null from: server0.conn0.child2/styleSheetsActor4 (resource://devtools/server/actors/stylesheets.js:155:21)", "resource://devtools/shared/protocol/Front.js", 341))
console.error: (new Error("Protocol error (TypeError): sheet.ownerNode is null from: server0.conn0.child2/styleSheetsActor4 (resource://devtools/server/actors/stylesheets.js:155:21)", "resource://devtools/shared/protocol/Front.js", 341))
console.error: (new Error("Protocol error (TypeError): sheet.ownerNode is null from: server0.conn0.child2/styleSheetsActor4 (resource://devtools/server/actors/stylesheets.js:155:21)", "resource://devtools/shared/protocol/Front.js", 341))
console.error: (new Error("Protocol error (TypeError): sheet.ownerNode is null from: server0.conn0.child2/styleSheetsActor4 (resource://devtools/server/actors/stylesheets.js:155:21)", "resource://devtools/shared/protocol/Front.js", 341))
console.error: (new Error("Protocol error (TypeError): sheet.ownerNode is null from: server0.conn0.child2/styleSheetsActor4 (resource://devtools/server/actors/stylesheets.js:155:21)", "resource://devtools/shared/protocol/Front.js", 341))
console.error: (new Error("Protocol error (TypeError): sheet.ownerNode is null from: server0.conn0.child2/styleSheetsActor4 (resource://devtools/server/actors/stylesheets.js:155:21)", "resource://devtools/shared/protocol/Front.js", 341))
console.error: (new Error("Protocol error (TypeError): sheet.ownerNode is null from: server0.conn0.child2/styleSheetsActor4 (resource://devtools/server/actors/stylesheets.js:155:21)", "resource://devtools/shared/protocol/Front.js", 341))
console.error: (new Error("Protocol error (TypeError): sheet.ownerNode is null from: server0.conn0.child2/styleSheetsActor4 (resource://devtools/server/actors/stylesheets.js:155:21)", "resource://devtools/shared/protocol/Front.js", 341))
console.error: (new Error("Protocol error (TypeError): sheet.ownerNode is null from: server0.conn0.child2/styleSheetsActor4 (resource://devtools/server/actors/stylesheets.js:155:21)", "resource://devtools/shared/protocol/Front.js", 341))
console.error: (new Error("Protocol error (TypeError): sheet.ownerNode is null from: server0.conn0.child2/styleSheetsActor4 (resource://devtools/server/actors/stylesheets.js:155:21)", "resource://devtools/shared/protocol/Front.js", 341))
console.error: (new Error("Protocol error (TypeError): sheet.ownerNode is null from: server0.conn0.child2/styleSheetsActor4 (resource://devtools/server/actors/stylesheets.js:155:21)", "resource://devtools/shared/protocol/Front.js", 341))
console.error: (new Error("Protocol error (TypeError): sheet.ownerNode is null from: server0.conn0.child2/styleSheetsActor4 (resource://devtools/server/actors/stylesheets.js:155:21)", "resource://devtools/shared/protocol/Front.js", 341))
console.error: (new TypeError("currentNode is null", "resource://devtools/client/inspector/shared/style-change-tracker.js", 66))
TypeError: currentNode is null: canMutationImpactCurrentStyles@resource://devtools/client/inspector/shared/style-change-tracker.js:66:20
onMutations@resource://devtools/client/inspector/shared/style-change-tracker.js:84:41
_emit@resource://devtools/shared/event-emitter.js:226:34
emit@resource://devtools/shared/event-emitter.js:172:18
emit@resource://devtools/shared/event-emitter.js:324:18
getMutations@resource://devtools/client/fronts/walker.js:405:10

console.error: "Error while calling actor 'layout's method 'getGrids'" "node is null"
console.error: "getGrids@resource://devtools/server/actors/layout.js:502:26\ngetGrids@resource://devtools/server/actors/layout.js:507:43\nhandler@resource://devtools/shared/protocol/Actor.js:172:37\nonPacket@resource://devtools/server/devtools-server-connection.js:379:58\nreceiveMessage@resource://devtools/shared/transport/child-transport.js:66:16\n"
console.error: (new TypeError("currentNode is null", "resource://devtools/client/inspector/shared/style-change-tracker.js", 66))
TypeError: currentNode is null: canMutationImpactCurrentStyles@resource://devtools/client/inspector/shared/style-change-tracker.js:66:20
onMutations@resource://devtools/client/inspector/shared/style-change-tracker.js:84:41
_emit@resource://devtools/shared/event-emitter.js:226:34
emit@resource://devtools/shared/event-emitter.js:172:18
emit@resource://devtools/shared/event-emitter.js:324:18
getMutations@resource://devtools/client/fronts/walker.js:405:10

console.error: "Error while calling actor 'layout's method 'getGrids'" "node is null"
console.error: "getGrids@resource://devtools/server/actors/layout.js:502:26\ngetGrids@resource://devtools/server/actors/layout.js:507:43\nhandler@resource://devtools/shared/protocol/Actor.js:172:37\nonPacket@resource://devtools/server/devtools-server-connection.js:379:58\nreceiveMessage@resource://devtools/shared/transport/child-transport.js:66:16\n"
console.error: "Error while calling actor 'layout's method 'getGrids'" "node is null"
console.error: "getGrids@resource://devtools/server/actors/layout.js:502:26\ngetGrids@resource://devtools/server/actors/layout.js:507:43\nhandler@resource://devtools/shared/protocol/Actor.js:172:37\nonPacket@resource://devtools/server/devtools-server-connection.js:379:58\nreceiveMessage@resource://devtools/shared/transport/child-transport.js:66:16\n"
console.error: "Error while calling actor 'layout's method 'getGrids'" "node is null"
console.error: "getGrids@resource://devtools/server/actors/layout.js:502:26\ngetGrids@resource://devtools/server/actors/layout.js:507:43\nhandler@resource://devtools/shared/protocol/Actor.js:172:37\nonPacket@resource://devtools/server/devtools-server-connection.js:379:58\nreceiveMessage@resource://devtools/shared/transport/child-transport.js:66:16\n"
console.error: "Error while calling actor 'layout's method 'getGrids'" "node is null"
console.error: "getGrids@resource://devtools/server/actors/layout.js:502:26\ngetGrids@resource://devtools/server/actors/layout.js:507:43\nhandler@resource://devtools/shared/protocol/Actor.js:172:37\nonPacket@resource://devtools/server/devtools-server-connection.js:379:58\nreceiveMessage@resource://devtools/shared/transport/child-transport.js:66:16\n"
JavaScript error: , line 0: TypeError: NetworkError when attempting to fetch resource.
JavaScript error: , line 0: TypeError: NetworkError when attempting to fetch resource.
JavaScript error: , line 0: TypeError: NetworkError when attempting to fetch resource.
1627768958675	Marionette	INFO	Stopped listening on port 62082

###!!! [Child][RunMessage] Error: Channel closing: too late to send/recv, messages will be lost


###!!! [Child][MessageChannel::SendAndWait] Error: Channel error: cannot send/recv

istening on port 52115
1627768794193	Marionette	WARN	TLS certificate errors will be ignored for this session
1627845880919	mozrunner::runner	INFO	Running command: "C:\\Program Files\\Mozilla Firefox\\firefox.exe" "-marionette" "-foreground" "-no-remote" "-profile" "C:\\Users\\stefan\\AppData\\Local\\Temp\\rust_mozprofilem2Wkz4"
Can't find symbol 'eglSwapBuffersWithDamageEXT'.
JavaScript error: resource://gre/modules/XULStore.jsm, line 66: Error: Can't find profile directory.
console.warn: SearchSettings: "get: No settings file exists, new profile?" (new Error("", "(unknown module)"))
1627845883404	Marionette	INFO	Listening on port 62127
1627845883579	Marionette	WARN	TLS certificate errors will be ignored for this session
console.log: WebExtensions: reset-default-search: No addons in our list are installed.
Can't find symbol 'eglSwapBuffersWithDamageEXT'.
1627848654431	mozrunner::runner	INFO	Running command: "C:\\Program Files\\Mozilla Firefox\\firefox.exe" "-marionette" "-foreground" "-no-remote" "-profile" "C:\\Users\\stefan\\AppData\\Local\\Temp\\rust_mozprofile6eZRdL"
Can't find symbol 'eglSwapBuffersWithDamageEXT'.
JavaScript error: resource://gre/modules/XULStore.jsm, line 66: Error: Can't find profile directory.
console.warn: SearchSettings: "get: No settings file exists, new profile?" (new Error("", "(unknown module)"))
1627848656220	Marionette	INFO	Listening on port 61028
1627848656490	Marionette	WARN	TLS certificate errors will be ignored for this session
console.log: WebExtensions: reset-default-search: No addons in our list are installed.

###!!! [Child][RunMessage] Error: Channel closing: too late to send/recv, messages will be lost

1627851520043	Marionette	INFO	Stopped listening on port 61028

###!!! [Child][RunMessage] Error: Channel closing: too late to send/recv, messages will be lost


###!!! [Child][MessageChannel::SendAndWait] Error: Channel error: cannot send/recv

file?" (new Error("", "(unknown module)"))
1627848804041	Marionette	INFO	Listening on port 64839
1627848804325	Marionette	WARN	TLS certificate errors will be ignored for this session
[Parent 20484, Gecko_IOThread] WARNING: file /builds/worker/checkouts/gecko/ipc/chromium/src/base/process_util_win.cc, line 166
1627848836966	Marionette	INFO	Stopped listening on port 64839

###!!! [Child][RunMessage] Error: Channel closing: too late to send/recv, messages will be lost


###!!! [Child][MessageChannel::SendAndWait] Error: Channel error: cannot send/recv

1627849427869	mozrunner::runner	INFO	Running command: "C:\\Program Files\\Mozilla Firefox\\firefox.exe" "-marionette" "-foreground" "-no-remote" "-profile" "C:\\Users\\stefan\\AppData\\Local\\Temp\\rust_mozprofilel9CX1u"
Can't find symbol 'eglSwapBuffersWithDamageEXT'.
JavaScript error: resource://gre/modules/XULStore.jsm, line 66: Error: Can't find profile directory.
console.warn: SearchSettings: "get: No settings file exists, new profile?" (new Error("", "(unknown module)"))
1627849429630	Marionette	INFO	Listening on port 54805
1627849429920	Marionette	WARN	TLS certificate errors will be ignored for this session
Can't find symbol 'eglSwapBuffersWithDamageEXT'.
console.log: WebExtensions: reset-default-search: No addons in our list are installed.
1627851520068	Marionette	INFO	Stopped listening on port 54805

###!!! [Child][RunMessage] Error: Channel closing: too late to send/recv, messages will be lost


###!!! [Child][MessageChannel::SendAndWait] Error: Channel error: cannot send/recv

rsWithDamageEXT'.
JavaScript error: resource://gre/modules/XULStore.jsm, line 66: Error: Can't find profile directory.
console.warn: SearchSettings: "get: No settings file exists, new profile?" (new Error("", "(unknown module)"))
1627850620717	Marionette	INFO	Listening on port 65448
1627850620891	Marionette	WARN	TLS certificate errors will be ignored for this session
Can't find symbol 'eglSwapBuffersWithDamageEXT'.
console.log: WebExtensions: reset-default-search: No addons in our list are installed.
1627851430263	mozrunner::runner	INFO	Running command: "C:\\Program Files\\Mozilla Firefox\\firefox.exe" "-marionette" "-foreground" "-no-remote" "-profile" "C:\\Users\\stefan\\AppData\\Local\\Temp\\rust_mozprofileNstbgB"
Can't find symbol 'eglSwapBuffersWithDamageEXT'.
JavaScript error: resource://gre/modules/XULStore.jsm, line 66: Error: Can't find profile directory.
console.warn: SearchSettings: "get: No settings file exists, new profile?" (new Error("", "(unknown module)"))
1627851432111	Marionette	INFO	Listening on port 64662
1627851432302	Marionette	WARN	TLS certificate errors will be ignored for this session
1627851520051	Marionette	INFO	Stopped listening on port 64662

###!!! [Child][RunMessage] Error: Channel closing: too late to send/recv, messages will be lost


###!!! [Child][MessageChannel::SendAndWait] Error: Channel error: cannot send/recv

rsWithDamageEXT'.
JavaScript error: resource://gre/modules/XULStore.jsm, line 66: Error: Can't find profile directory.
console.warn: SearchSettings: "get: No settings file exists, new profile?" (new Error("", "(unknown module)"))
1627851510415	Marionette	INFO	Listening on port 64143
1627851510644	Marionette	WARN	TLS certificate errors will be ignored for this session
[Parent 3836, Gecko_IOThread] WARNING: file /builds/worker/checkouts/gecko/ipc/chromium/src/base/process_util_win.cc, line 166
1627851520113	Marionette	INFO	Stopped listening on port 64143

###!!! [Child][MessageChannel::SendAndWait] Error: Channel error: cannot send/recv

1627851531542	mozrunner::runner	INFO	Running command: "C:\\Program Files\\Mozilla Firefox\\firefox.exe" "-marionette" "-foreground" "-no-remote" "-profile" "C:\\Users\\stefan\\AppData\\Local\\Temp\\rust_mozprofilehfzYTK"
Can't find symbol 'eglSwapBuffersWithDamageEXT'.
JavaScript error: resource://gre/modules/XULStore.jsm, line 66: Error: Can't find profile directory.
console.warn: SearchSettings: "get: No settings file exists, new profile?" (new Error("", "(unknown module)"))
1627851533390	Marionette	INFO	Listening on port 64263
1627851533592	Marionette	WARN	TLS certificate errors will be ignored for this session
1627851992827	mozrunner::runner	INFO	Running command: "C:\\Program Files\\Mozilla Firefox\\firefox.exe" "-marionette" "-foreground" "-no-remote" "-profile" "C:\\Users\\stefan\\AppData\\Local\\Temp\\rust_mozprofile7n8ro1"
Can't find symbol 'eglSwapBuffersWithDamageEXT'.
JavaScript error: resource://gre/modules/XULStore.jsm, line 66: Error: Can't find profile directory.
console.warn: SearchSettings: "get: No settings file exists, new profile?" (new Error("", "(unknown module)"))
1627851994648	Marionette	INFO	Listening on port 61584
1627851994873	Marionette	WARN	TLS certificate errors will be ignored for this session
Can't find symbol 'eglSwapBuffersWithDamageEXT'.
1627852829875	mozrunner::runner	INFO	Running command: "C:\\Program Files\\Mozilla Firefox\\firefox.exe" "-marionette" "-foreground" "-no-remote" "-profile" "C:\\Users\\stefan\\AppData\\Local\\Temp\\rust_mozprofileahMbB2"
Can't find symbol 'eglSwapBuffersWithDamageEXT'.
JavaScript error: resource://gre/modules/XULStore.jsm, line 66: Error: Can't find profile directory.
console.warn: SearchSettings: "get: No settings file exists, new profile?" (new Error("", "(unknown module)"))
1627852831710	Marionette	INFO	Listening on port 64061
1627852831941	Marionette	WARN	TLS certificate errors will be ignored for this session
Can't find symbol 'eglSwapBuffersWithDamageEXT'.
console.log: WebExtensions: reset-default-search: No addons in our list are installed.
1627856259592	mozrunner::runner	INFO	Running command: "C:\\Program Files\\Mozilla Firefox\\firefox.exe" "-marionette" "-foreground" "-no-remote" "-profile" "C:\\Users\\stefan\\AppData\\Local\\Temp\\rust_mozprofilelpfJT4"
Can't find symbol 'eglSwapBuffersWithDamageEXT'.
JavaScript error: resource://gre/modules/XULStore.jsm, line 66: Error: Can't find profile directory.
console.warn: SearchSettings: "get: No settings file exists, new profile?" (new Error("", "(unknown module)"))
1627856261414	Marionette	INFO	Listening on port 51099
1627856261641	Marionette	WARN	TLS certificate errors will be ignored for this session
1627856296132	mozrunner::runner	INFO	Running command: "C:\\Program Files\\Mozilla Firefox\\firefox.exe" "-marionette" "-foreground" "-no-remote" "-profile" "C:\\Users\\stefan\\AppData\\Local\\Temp\\rust_mozprofilekPiiWr"
Can't find symbol 'eglSwapBuffersWithDamageEXT'.
JavaScript error: resource://gre/modules/XULStore.jsm, line 66: Error: Can't find profile directory.
console.warn: SearchSettings: "get: No settings file exists, new profile?" (new Error("", "(unknown module)"))
1627856298064	Marionette	INFO	Listening on port 59832
1627856298194	Marionette	WARN	TLS certificate errors will be ignored for this session
1627856400173	mozrunner::runner	INFO	Running command: "C:\\Program Files\\Mozilla Firefox\\firefox.exe" "-marionette" "-foreground" "-no-remote" "-profile" "C:\\Users\\stefan\\AppData\\Local\\Temp\\rust_mozprofileciGybu"
Can't find symbol 'eglSwapBuffersWithDamageEXT'.
JavaScript error: resource://gre/modules/XULStore.jsm, line 66: Error: Can't find profile directory.
console.warn: SearchSettings: "get: No settings file exists, new profile?" (new Error("", "(unknown module)"))
1627856401848	Marionette	INFO	Listening on port 60279
1627856402215	Marionette	WARN	TLS certificate errors will be ignored for this session
1627856588585	mozrunner::runner	INFO	Running command: "C:\\Program Files\\Mozilla Firefox\\firefox.exe" "-marionette" "-foreground" "-no-remote" "-profile" "C:\\Users\\stefan\\AppData\\Local\\Temp\\rust_mozprofilec66i9n"
Can't find symbol 'eglSwapBuffersWithDamageEXT'.
JavaScript error: resource://gre/modules/XULStore.jsm, line 66: Error: Can't find profile directory.
console.warn: SearchSettings: "get: No settings file exists, new profile?" (new Error("", "(unknown module)"))
1627856590405	Marionette	INFO	Listening on port 61172
1627856590631	Marionette	WARN	TLS certificate errors will be ignored for this session
